[2026-01-13 03:29:06,422] INFO in logger_setup:56 [System]: Titan OS Startup: Hệ thống Logging đã kích hoạt.
[2026-01-13 03:29:21,431] ERROR in db_manager:105 [KD010]: Lỗi get_data (Hybrid): (pyodbc.ProgrammingError) ('42S22', "[42S22] [Microsoft][ODBC Driver 17 for SQL Server][SQL Server]Invalid column name 'HIENTHI'. (207) (SQLExecDirectW); [42S22] [Microsoft][ODBC Driver 17 for SQL Server][SQL Server]Invalid column name 'FULLNAME'. (207)")
[SQL: SELECT USERCODE, SHORTNAME, FULLNAME FROM [GD - NGUOI DUNG] WHERE HIENTHI = 1 ORDER BY SHORTNAME]
(Background on this error at: https://sqlalche.me/e/20/f405)
[2026-01-13 03:33:29,371] INFO in logger_setup:56 [System]: Titan OS Startup: Hệ thống Logging đã kích hoạt.
[2026-01-13 03:33:33,625] ERROR in db_manager:105 [KD010]: Lỗi get_data (Hybrid): (pyodbc.ProgrammingError) ('42S22', "[42S22] [Microsoft][ODBC Driver 17 for SQL Server][SQL Server]Invalid column name 'FULLNAME'. (207) (SQLExecDirectW)")
[SQL: SELECT USERCODE, SHORTNAME, FULLNAME FROM [GD - NGUOI DUNG] WHERE DIVISION = 'STDD' ORDER BY SHORTNAME]
(Background on this error at: https://sqlalche.me/e/20/f405)
[2026-01-13 03:36:22,365] INFO in logger_setup:56 [System]: Titan OS Startup: Hệ thống Logging đã kích hoạt.
[2026-01-13 03:44:28,962] INFO in logger_setup:56 [System]: Titan OS Startup: Hệ thống Logging đã kích hoạt.
[2026-01-13 03:52:14,720] INFO in logger_setup:56 [System]: Titan OS Startup: Hệ thống Logging đã kích hoạt.
[2026-01-13 03:54:57,922] INFO in logger_setup:56 [System]: Titan OS Startup: Hệ thống Logging đã kích hoạt.
[2026-01-13 03:55:49,958] INFO in logger_setup:56 [System]: Titan OS Startup: Hệ thống Logging đã kích hoạt.
[2026-01-13 04:06:18,839] INFO in logger_setup:56 [System]: Titan OS Startup: Hệ thống Logging đã kích hoạt.
[2026-01-13 04:07:26,871] ERROR in app:875 [KD010]: Exception on /hall-of-fame/share [POST]
Traceback (most recent call last):
  File "C:\Users\ASUS TUF F15\AppData\Local\Programs\Python\Python314\Lib\site-packages\flask\app.py", line 1511, in wsgi_app
    response = self.full_dispatch_request()
  File "C:\Users\ASUS TUF F15\AppData\Local\Programs\Python\Python314\Lib\site-packages\flask\app.py", line 919, in full_dispatch_request
    rv = self.handle_user_exception(e)
  File "C:\Users\ASUS TUF F15\AppData\Local\Programs\Python\Python314\Lib\site-packages\flask\app.py", line 917, in full_dispatch_request
    rv = self.dispatch_request()
  File "C:\Users\ASUS TUF F15\AppData\Local\Programs\Python\Python314\Lib\site-packages\flask\app.py", line 902, in dispatch_request
    return self.ensure_sync(self.view_functions[rule.endpoint])(**view_args)  # type: ignore[no-any-return]
           ~~~~~~~~~~~~~~~~~~~~~~~~~~~~~~~~~~~~~~~~~~~~~~~~~~~~^^^^^^^^^^^^^
  File "D:\CRM STDD\blueprints\portal_bp.py", line 98, in hall_of_fame_share
    images_str = save_uploaded_files(files[:5]) if files else None
                 ^^^^^^^^^^^^^^^^^^^
NameError: name 'save_uploaded_files' is not defined
[2026-01-13 04:09:53,040] INFO in logger_setup:56 [System]: Titan OS Startup: Hệ thống Logging đã kích hoạt.
[2026-01-13 04:12:34,646] INFO in logger_setup:56 [System]: Titan OS Startup: Hệ thống Logging đã kích hoạt.
[2026-01-13 04:15:35,276] INFO in logger_setup:56 [System]: Titan OS Startup: Hệ thống Logging đã kích hoạt.
[2026-01-13 04:16:58,098] INFO in logger_setup:56 [System]: Titan OS Startup: Hệ thống Logging đã kích hoạt.
[2026-01-13 04:17:43,833] INFO in logger_setup:56 [System]: Titan OS Startup: Hệ thống Logging đã kích hoạt.
[2026-01-13 04:20:13,902] INFO in logger_setup:56 [System]: Titan OS Startup: Hệ thống Logging đã kích hoạt.
[2026-01-13 04:42:12,237] ERROR in app:875 [KD010]: Exception on /api/users/list [GET]
Traceback (most recent call last):
  File "C:\Users\ASUS TUF F15\AppData\Local\Programs\Python\Python314\Lib\site-packages\flask\app.py", line 1511, in wsgi_app
    response = self.full_dispatch_request()
  File "C:\Users\ASUS TUF F15\AppData\Local\Programs\Python\Python314\Lib\site-packages\flask\app.py", line 919, in full_dispatch_request
    rv = self.handle_user_exception(e)
  File "C:\Users\ASUS TUF F15\AppData\Local\Programs\Python\Python314\Lib\site-packages\flask\app.py", line 917, in full_dispatch_request
    rv = self.dispatch_request()
  File "C:\Users\ASUS TUF F15\AppData\Local\Programs\Python\Python314\Lib\site-packages\flask\app.py", line 902, in dispatch_request
    return self.ensure_sync(self.view_functions[rule.endpoint])(**view_args)  # type: ignore[no-any-return]
           ~~~~~~~~~~~~~~~~~~~~~~~~~~~~~~~~~~~~~~~~~~~~~~~~~~~~^^^^^^^^^^^^^
  File "D:\CRM STDD\utils.py", line 41, in decorated_function
    return f(*args, **kwargs)
  File "D:\CRM STDD\blueprints\user_bp.py", line 27, in api_get_users
    return jsonify(users)
  File "C:\Users\ASUS TUF F15\AppData\Local\Programs\Python\Python314\Lib\site-packages\flask\json\__init__.py", line 170, in jsonify
    return current_app.json.response(*args, **kwargs)  # type: ignore[return-value]
           ~~~~~~~~~~~~~~~~~~~~~~~~~^^^^^^^^^^^^^^^^^
  File "C:\Users\ASUS TUF F15\AppData\Local\Programs\Python\Python314\Lib\site-packages\flask\json\provider.py", line 214, in response
    f"{self.dumps(obj, **dump_args)}\n", mimetype=self.mimetype
       ~~~~~~~~~~^^^^^^^^^^^^^^^^^^
  File "C:\Users\ASUS TUF F15\AppData\Local\Programs\Python\Python314\Lib\site-packages\flask\json\provider.py", line 179, in dumps
    return json.dumps(obj, **kwargs)
           ~~~~~~~~~~^^^^^^^^^^^^^^^
  File "C:\Users\ASUS TUF F15\AppData\Local\Programs\Python\Python314\Lib\json\__init__.py", line 238, in dumps
    **kw).encode(obj)
          ~~~~~~^^^^^
  File "C:\Users\ASUS TUF F15\AppData\Local\Programs\Python\Python314\Lib\json\encoder.py", line 200, in encode
    chunks = self.iterencode(o, _one_shot=True)
  File "C:\Users\ASUS TUF F15\AppData\Local\Programs\Python\Python314\Lib\json\encoder.py", line 261, in iterencode
    return _iterencode(o, 0)
  File "C:\Users\ASUS TUF F15\AppData\Local\Programs\Python\Python314\Lib\site-packages\flask\json\provider.py", line 110, in _default
    return http_date(o)
  File "C:\Users\ASUS TUF F15\AppData\Local\Programs\Python\Python314\Lib\site-packages\werkzeug\http.py", line 1037, in http_date
    return email.utils.format_datetime(timestamp, usegmt=True)
           ~~~~~~~~~~~~~~~~~~~~~~~~~~~^^^^^^^^^^^^^^^^^^^^^^^^
  File "C:\Users\ASUS TUF F15\AppData\Local\Programs\Python\Python314\Lib\email\utils.py", line 275, in format_datetime
    now = dt.timetuple()
  File "pandas/_libs/tslibs/nattype.pyx", line 54, in pandas._libs.tslibs.nattype._make_error_func.f
ValueError: NaTType does not support timetuple
when serializing dict item 'CreatedDate'
when serializing list item 0
[2026-01-13 04:49:38,640] INFO in logger_setup:56 [System]: Titan OS Startup: Hệ thống Logging đã kích hoạt.
[2026-01-13 04:57:45,536] INFO in logger_setup:56 [System]: Titan OS Startup: Hệ thống Logging đã kích hoạt.
[2026-01-13 05:05:03,824] INFO in logger_setup:56 [System]: Titan OS Startup: Hệ thống Logging đã kích hoạt.
[2026-01-13 05:12:08,432] INFO in logger_setup:56 [System]: Titan OS Startup: Hệ thống Logging đã kích hoạt.
[2026-01-13 05:18:05,839] INFO in logger_setup:56 [System]: Titan OS Startup: Hệ thống Logging đã kích hoạt.
[2026-01-13 05:21:28,145] INFO in logger_setup:56 [System]: Titan OS Startup: Hệ thống Logging đã kích hoạt.
[2026-01-13 05:31:11,844] INFO in logger_setup:56 [System]: Titan OS Startup: Hệ thống Logging đã kích hoạt.
[2026-01-13 05:34:17,955] INFO in logger_setup:56 [System]: Titan OS Startup: Hệ thống Logging đã kích hoạt.
[2026-01-13 05:41:24,727] INFO in logger_setup:56 [System]: Titan OS Startup: Hệ thống Logging đã kích hoạt.
[2026-01-13 05:44:43,839] INFO in logger_setup:56 [System]: Titan OS Startup: Hệ thống Logging đã kích hoạt.
[2026-01-13 05:45:54,384] INFO in logger_setup:56 [System]: Titan OS Startup: Hệ thống Logging đã kích hoạt.
[2026-01-13 05:49:15,729] INFO in logger_setup:56 [System]: Titan OS Startup: Hệ thống Logging đã kích hoạt.
[2026-01-13 05:53:52,389] INFO in logger_setup:56 [System]: Titan OS Startup: Hệ thống Logging đã kích hoạt.
